

Microchip Technology PIC Macro Assembler V1.33 build 59893 
                                                                                                           Fri Feb 27 16:13:52 2015


     1                           
     2                           	; Microchip MPLAB XC8 C Compiler V1.33
     3                           	; Copyright (C) 1984-2014 HI-TECH Software
     4                           
     5                           	; Auto-generated runtime startup code for final link stage.
     6                           
     7                           	;
     8                           	; Compiler options:
     9                           	;
    10                           	; main.c -P -N255 --warn=0 --addrqual=ignore --mode=free \
    11                           	; --opt=default,+asm,-asmfile,+speed,-space,-debug,9 --runtime=+plib \
    12                           	; --chip=16F1704 -I/opt/microchip/xc8/v1.33/include --ASMLIST -M
    13                           	;
    14                           
    15                           
    16                           	processor	16F1704
    17                           
    18                           	global	_main,start,reset_vec
    19                           	fnroot	_main
    20                           	psect	config,class=CONFIG,delta=2,noexec
    21                           	psect	idloc,class=IDLOC,delta=2,noexec
    22                           	psect	code,class=CODE,delta=2
    23                           	psect	powerup,class=CODE,delta=2
    24                           	psect	reset_vec,class=CODE,delta=2
    25                           	psect	maintext,class=CODE,delta=2
    26  0000                     	Z	set	2
    27  0002                     	PCL	set	2
    28  0002                     	INDF	set	0
    29  0000                     
    30                           	STATUS	equ	3
    31  0003                     	BSR	equ	8
    32  0008                     	PCLATH	equ	0Ah
    33  000A                     	psect	eeprom_data,class=EEDATA,delta=2,space=3,noexec
    34                           	psect	strings,class=CODE,delta=2,reloc=256
    35                           	psect	intentry,class=CODE,delta=2
    36                           	psect	functab,class=CODE,delta=2
    37                           	global	intlevel0,intlevel1,intlevel2, intlevel3, intlevel4, intlevel5
    38                           intlevel0:
    39  0000                     intlevel1:
    40  0000                     intlevel2:
    41  0000                     intlevel3:
    42  0000                     intlevel4:
    43  0000                     intlevel5:
    44  0000                     	psect	init,class=CODE,delta=2
    45                           	psect	cinit,class=CODE,delta=2
    46                           	psect	text,class=CODE,delta=2
    47                           	psect	end_init,class=CODE,delta=2
    48                           	psect	clrtext,class=CODE,delta=2
    49                           	INDF0	set	0
    50  0000                     	INDF1	set	1
    51  0001                     	PCL	set	2
    52  0002                     	STATUS	set	3
    53  0003                     	FSR0L	set	4
    54  0004                     	FSR0H	set	5
    55  0005                     	FSR1L	set	6
    56  0006                     	FSR1H	set	7
    57  0007                     	BSR	set	8
    58  0008                     	WREG	set	9
    59  0009                     	PCLATH	set	10
    60  000A                     	INTCON	set	11
    61  000B                     
    62                           	psect	reset_vec
    63                           reset_vec:
    64  0000                     	; No powerup routine
    65                           	global start
    66                           
    67                           ; jump to start
    68                           	ljmp	start
    69  0000  3180  2802         	; No interrupt routine
    70                           
    71                           
    72                           	psect	init
    73                           start
    74  0002                     
    75                           ;Initialize the stack pointer (FSR1)
    76                           ;Stack space: 02000h-021EFh (496 bytes)
    77                           
    78                           	fsr1l	equ	6
    79  0006                     	fsr1h	equ	7
    80  0007                     	global stacklo, stackhi
    81                           	stacklo	equ	02000h
    82  2000                     	stackhi	equ	021EFh
    83  21EF                     
    84                           
    85                           	psect	stack,class=STACK,space=2,noexec
    86                           	global ___sp,___int_sp
    87                           	___sp:
    88  0000                     	___int_sp:
    89  0000                     
    90                           	psect	end_init
    91                           	global start_initialization
    92                           	ljmp start_initialization	;jump to C runtime clear & initialization
    93  0002  3187  2FFC         
    94                           ; Config register CONFIG1 @ 0x8007
    95                           ;	Clock Out Enable
    96                           ;	CLKOUTEN = OFF, CLKOUT function is disabled. I/O or oscillator function on the CLKOUT pin
    97                           ;	Watchdog Timer Enable
    98                           ;	WDTE = OFF, WDT disabled
    99                           ;	Power-up Timer Enable
   100                           ;	PWRTE = 0x1, unprogrammed default
   101                           ;	Flash Program Memory Code Protection
   102                           ;	CP = 0x1, unprogrammed default
   103                           ;	Brown-out Reset Enable
   104                           ;	BOREN = 0x3, unprogrammed default
   105                           ;	Fail-Safe Clock Monitor Enable
   106                           ;	FCMEN = 0x1, unprogrammed default
   107                           ;	MCLR Pin Function Select
   108                           ;	MCLRE = ON, MCLR/VPP pin function is MCLR
   109                           ;	Internal/External Switchover Mode
   110                           ;	IESO = 0x1, unprogrammed default
   111                           ;	Oscillator Selection Bits
   112                           ;	FOSC = INTOSC, INTOSC oscillator: I/O function on CLKIN pin
   113                           
   114                           	psect	config
   115                           		org 0x0
   116  8007                     		dw 0xFFE4
   117  8007  FFE4               
   118                           ; Config register CONFIG2 @ 0x8008
   119                           ;	Peripheral Pin Select one-way control
   120                           ;	PPS1WAY = 0x1, unprogrammed default
   121                           ;	Stack Overflow/Underflow Reset Enable
   122                           ;	STVREN = 0x1, unprogrammed default
   123                           ;	Low-Power Brown Out Reset
   124                           ;	LPBOR = 0x1, unprogrammed default
   125                           ;	Brown-out Reset Voltage Selection
   126                           ;	BORV = 0x1, unprogrammed default
   127                           ;	Zero-cross detect disable
   128                           ;	ZCDDIS = 0x1, unprogrammed default
   129                           ;	Low-Voltage Programming Enable
   130                           ;	LVP = ON, Low-voltage programming enabled
   131                           ;	Flash Memory Self-Write Protection
   132                           ;	WRT = 0x3, unprogrammed default
   133                           ;	Phase Lock Loop enable
   134                           ;	PLLEN = OFF, 4x PLL is enabled when software sets the SPLLEN bit
   135                           
   136                           	psect	config
   137                           		org 0x1
   138  8008                     		dw 0xFEFF
   139  8008  FEFF               


Microchip Technology PIC Macro Assembler V1.33 build 59893 
Symbol Table                                                                                               Fri Feb 27 16:13:52 2015

               ___sp 0000                 _main 07C5                 start 0002               stackhi 21EF  
             stacklo 2000  start_initialization 07FC             ___int_sp 0000             intlevel0 0000  
           intlevel1 0000             intlevel2 0000             intlevel3 0000             intlevel4 0000  
           intlevel5 0000             reset_vec 0000  
